[25/04/2026, 01:18:44 pm] [SUCCESS] 🔑 Discord bot authenticated successfully
[25/04/2026, 01:18:44 pm] [SUCCESS] 
🚀 NM Catcher Lite v2.0 - NM Catcher#5652 ONLINE! 🚀
[25/04/2026, 01:18:44 pm] [INFO] 📍 Serving 4 servers
[25/04/2026, 01:18:44 pm] [INFO] 🔧 Initializing NM Catcher Lite services...
[25/04/2026, 01:18:44 pm] [SUCCESS] ✅ ALL 6 Lite Services initialized perfectly
[25/04/2026, 01:18:44 pm] [INFO] 🤖 AI Service: ✅ READY
[25/04/2026, 01:18:44 pm] [INFO] 🔐 Captcha: ✅ READY
[25/04/2026, 01:18:44 pm] [SUCCESS] 🎉 NM Catcher Lite fully operational!
[25/04/2026, 01:22:31 pm] [INFO] 🛑 Shutting down NM Catcher Lite...
[25/04/2026, 01:22:31 pm] [SUCCESS] ✅ All services stopped gracefully
[25/04/2026, 01:22:36 pm] [SUCCESS] 🔑 Discord bot authenticated successfully
[25/04/2026, 01:22:36 pm] [SUCCESS] 
🚀 NM Catcher Lite v2.0 - NM Catcher#5652 ONLINE! 🚀
[25/04/2026, 01:22:36 pm] [INFO] 📍 Serving 4 servers
[25/04/2026, 01:22:36 pm] [INFO] 🔧 Initializing NM Catcher Lite services...
[25/04/2026, 01:22:36 pm] [SUCCESS] ✅ ALL 6 Lite Services initialized perfectly
[25/04/2026, 01:22:36 pm] [INFO] 🤖 AI Service: ✅ READY
[25/04/2026, 01:22:36 pm] [INFO] 🔐 Captcha: ✅ READY
[25/04/2026, 01:22:36 pm] [SUCCESS] 🎉 NM Catcher Lite fully operational!
[25/04/2026, 01:22:37 pm] [INFO] ⚡ Tokens ready (1), starting catchers...
[25/04/2026, 01:22:37 pm] [SUCCESS] ✅ Auto-started: y5311e (#0)
[25/04/2026, 01:22:37 pm] [SUCCESS] 🚀 Auto-start process completed
[25/04/2026, 01:27:55 pm] [INFO] 🛑 Shutting down NM Catcher Lite...
[25/04/2026, 01:27:56 pm] [SUCCESS] ✅ All services stopped gracefully
[25/04/2026, 01:28:00 pm] [SUCCESS] 🔑 Discord bot authenticated successfully
[25/04/2026, 01:28:00 pm] [SUCCESS] 
🚀 NM Catcher Lite v2.0 - NM Catcher#5652 ONLINE! 🚀
[25/04/2026, 01:28:00 pm] [INFO] 📍 Serving 4 servers
[25/04/2026, 01:28:00 pm] [INFO] 🔧 Initializing NM Catcher Lite services...
[25/04/2026, 01:28:00 pm] [SUCCESS] ✅ ALL 6 Lite Services initialized perfectly
[25/04/2026, 01:28:00 pm] [INFO] 🤖 AI Service: ✅ READY
[25/04/2026, 01:28:00 pm] [INFO] 🔐 Captcha: ✅ READY
[25/04/2026, 01:28:00 pm] [SUCCESS] 🎉 NM Catcher Lite fully operational!
[25/04/2026, 01:28:01 pm] [INFO] ⚡ Tokens ready (1), starting catchers...
[25/04/2026, 01:28:01 pm] [SUCCESS] ✅ Auto-started: y5311e (#0)
[25/04/2026, 01:28:01 pm] [SUCCESS] 🚀 Auto-start process completed
[25/04/2026, 01:38:02 pm] [INFO] 🛑 Shutting down NM Catcher Lite...
[25/04/2026, 01:38:02 pm] [SUCCESS] ✅ All services stopped gracefully
[25/04/2026, 01:38:07 pm] [SUCCESS] 🔑 Discord bot authenticated successfully
[25/04/2026, 01:38:07 pm] [SUCCESS] 
🚀 NM Catcher Lite v2.0 - NM Catcher#5652 ONLINE! 🚀
[25/04/2026, 01:38:07 pm] [INFO] 📍 Serving 4 servers
[25/04/2026, 01:38:07 pm] [INFO] 🔧 Initializing NM Catcher Lite services...
[25/04/2026, 01:38:07 pm] [SUCCESS] ✅ ALL 6 Lite Services initialized perfectly
[25/04/2026, 01:38:07 pm] [INFO] 🤖 AI Service: ✅ READY
[25/04/2026, 01:38:07 pm] [INFO] 🔐 Captcha: ✅ READY
[25/04/2026, 01:38:07 pm] [SUCCESS] 🎉 NM Catcher Lite fully operational!
[25/04/2026, 01:38:09 pm] [INFO] ⚡ Tokens ready (1), starting catchers...
[25/04/2026, 01:38:09 pm] [SUCCESS] ✅ Auto-started: y5311e (#0)
[25/04/2026, 01:38:09 pm] [SUCCESS] 🚀 Auto-start process completed
[25/04/2026, 01:43:24 pm] [INFO] 🛑 Shutting down NM Catcher Lite...
[25/04/2026, 01:43:24 pm] [SUCCESS] ✅ All services stopped gracefully
[25/04/2026, 01:43:31 pm] [SUCCESS] 🔑 Discord bot authenticated successfully
[25/04/2026, 01:43:32 pm] [SUCCESS] 
🚀 NM Catcher Lite v2.0 - NM Catcher#5652 ONLINE! 🚀
[25/04/2026, 01:43:32 pm] [INFO] 📍 Serving 4 servers
[25/04/2026, 01:43:32 pm] [INFO] 🔧 Initializing NM Catcher Lite services...
[25/04/2026, 01:43:32 pm] [SUCCESS] ✅ ALL 6 Lite Services initialized perfectly
[25/04/2026, 01:43:32 pm] [INFO] 🤖 AI Service: ✅ READY
[25/04/2026, 01:43:32 pm] [INFO] 🔐 Captcha: ✅ READY
[25/04/2026, 01:43:32 pm] [SUCCESS] 🎉 NM Catcher Lite fully operational!
[25/04/2026, 01:43:33 pm] [INFO] ⚡ Tokens ready (1), starting catchers...
[25/04/2026, 01:43:33 pm] [SUCCESS] ✅ Auto-started: y5311e (#0)
[25/04/2026, 01:43:33 pm] [SUCCESS] 🚀 Auto-start process completed
[25/04/2026, 01:46:19 pm] [INFO] 🛑 Shutting down NM Catcher Lite...
[25/04/2026, 01:46:19 pm] [SUCCESS] ✅ All services stopped gracefully
[25/04/2026, 01:46:24 pm] [SUCCESS] 🔑 Discord bot authenticated successfully
[25/04/2026, 01:46:25 pm] [SUCCESS] 
🚀 NM Catcher Lite v2.0 - NM Catcher#5652 ONLINE! 🚀
[25/04/2026, 01:46:25 pm] [INFO] 📍 Serving 4 servers
[25/04/2026, 01:46:25 pm] [INFO] 🔧 Initializing NM Catcher Lite services...
[25/04/2026, 01:46:25 pm] [SUCCESS] ✅ ALL 6 Lite Services initialized perfectly
[25/04/2026, 01:46:25 pm] [INFO] 🤖 AI Service: ✅ READY
[25/04/2026, 01:46:25 pm] [INFO] 🔐 Captcha: ✅ READY
[25/04/2026, 01:46:25 pm] [SUCCESS] 🎉 NM Catcher Lite fully operational!
[25/04/2026, 01:46:26 pm] [INFO] ⚡ Tokens ready (1), starting catchers...
[25/04/2026, 01:46:26 pm] [SUCCESS] ✅ Auto-started: y5311e (#0)
[25/04/2026, 01:46:26 pm] [SUCCESS] 🚀 Auto-start process completed
[25/04/2026, 01:53:38 pm] [INFO] 🛑 Shutting down NM Catcher Lite...
[25/04/2026, 01:53:38 pm] [SUCCESS] ✅ All services stopped gracefully
